---------------------------------------------------------------
[ 2017-11-08T11:42:49+08:00 ] 127.0.0.1 127.0.0.1 GET /crgdev/public/index.php/home/login
[ info ] local.easysigncolud.com/crgdev/public/index.php/home/login [内存消耗：0kb] [文件加载：46]
[ info ] [ LANG ] E:\dev\sourcecode\EasySignCloud\trunk\public\crgdev\thinkphp\lang\zh-cn.php
[ info ] [ ROUTE ] array (
  'type' => 'module',
  'module' => 
  array (
    0 => 'home',
    1 => 'login',
    2 => NULL,
  ),
)
[ info ] [ HEADER ] array (
  'accept-language' => 'zh-CN,zh;q=0.8',
  'accept-encoding' => 'gzip, deflate',
  'accept' => 'text/html,application/xhtml+xml,application/xml;q=0.9,image/webp,image/apng,*/*;q=0.8',
  'user-agent' => 'Mozilla/5.0 (Windows NT 6.1; Win64; x64) AppleWebKit/537.36 (KHTML, like Gecko) Chrome/60.0.3112.113 Safari/537.36',
  'upgrade-insecure-requests' => '1',
  'connection' => 'close',
  'host' => 'local.easysigncolud.com',
)
[ info ] [ PARAM ] array (
)
[ info ] [ RUN ] app\home\controller\Login->index[ E:\dev\sourcecode\EasySignCloud\trunk\public\crgdev\application\home\controller\Login.php ]
[ info ] [ VIEW ] E:\dev\sourcecode\EasySignCloud\trunk\public\crgdev\public/../application/home\view\login\index.html [ array (
) ]
[ info ] [ LOG ] INIT File
[ error ] [0]模板文件不存在:E:\dev\sourcecode\EasySignCloud\trunk\public\crgdev\public/../application/home\view\pub\fanhui.html[E:\dev\sourcecode\EasySignCloud\trunk\public\crgdev\thinkphp\library\think\Template.php:1095]
---------------------------------------------------------------
[ 2017-11-08T11:43:24+08:00 ] 127.0.0.1 127.0.0.1 GET /crgdev/public/index.php/home/login/index
[ info ] local.easysigncolud.com/crgdev/public/index.php/home/login/index [内存消耗：0kb] [文件加载：46]
[ info ] [ LANG ] E:\dev\sourcecode\EasySignCloud\trunk\public\crgdev\thinkphp\lang\zh-cn.php
[ info ] [ ROUTE ] array (
  'type' => 'module',
  'module' => 
  array (
    0 => 'home',
    1 => 'login',
    2 => 'index',
  ),
)
[ info ] [ HEADER ] array (
  'accept-language' => 'zh-CN,zh;q=0.8',
  'accept-encoding' => 'gzip, deflate',
  'accept' => 'text/html,application/xhtml+xml,application/xml;q=0.9,image/webp,image/apng,*/*;q=0.8',
  'user-agent' => 'Mozilla/5.0 (Windows NT 6.1; Win64; x64) AppleWebKit/537.36 (KHTML, like Gecko) Chrome/60.0.3112.113 Safari/537.36',
  'upgrade-insecure-requests' => '1',
  'connection' => 'close',
  'host' => 'local.easysigncolud.com',
)
[ info ] [ PARAM ] array (
)
[ info ] [ RUN ] app\home\controller\Login->index[ E:\dev\sourcecode\EasySignCloud\trunk\public\crgdev\application\home\controller\Login.php ]
[ info ] [ VIEW ] E:\dev\sourcecode\EasySignCloud\trunk\public\crgdev\public/../application/home\view\login\index.html [ array (
) ]
[ info ] [ LOG ] INIT File
[ error ] [0]模板文件不存在:E:\dev\sourcecode\EasySignCloud\trunk\public\crgdev\public/../application/home\view\pub\fanhui.html[E:\dev\sourcecode\EasySignCloud\trunk\public\crgdev\thinkphp\library\think\Template.php:1095]
