---------------------------------------------------------------
[ 2017-11-27T14:45:49+08:00 ] 127.0.0.1 127.0.0.1 GET /gdr/index/index
[ info ] local.aibusiness.com/gdr/index/index [内存消耗：0kb] [文件加载：41]
[ info ] [ LANG ] E:\dev\workDoc\myproject\AIBusiness\thinkphp\lang\zh-cn.php
[ info ] [ ROUTE ] array (
  'type' => 'module',
  'module' => 
  array (
    0 => 'gdr',
    1 => 'index',
    2 => 'index',
  ),
)
[ info ] [ HEADER ] array (
  'accept-language' => 'zh-CN,zh;q=0.8',
  'accept-encoding' => 'gzip, deflate',
  'accept' => 'text/html,application/xhtml+xml,application/xml;q=0.9,image/webp,image/apng,*/*;q=0.8',
  'user-agent' => 'Mozilla/5.0 (Windows NT 6.1; Win64; x64) AppleWebKit/537.36 (KHTML, like Gecko) Chrome/60.0.3112.113 Safari/537.36',
  'upgrade-insecure-requests' => '1',
  'connection' => 'close',
  'host' => 'local.aibusiness.com',
)
[ info ] [ PARAM ] array (
)
[ info ] [ LOG ] INIT File
[ error ] [1]Class 'app\home\controller\Bas' not found[E:\dev\workDoc\myproject\AIBusiness\application\gdr\controller\Index.php:14]
---------------------------------------------------------------
[ 2017-11-27T14:45:50+08:00 ] 127.0.0.1 127.0.0.1 GET /favicon.ico
[ info ] local.aibusiness.com/favicon.ico [内存消耗：0kb] [文件加载：39]
[ info ] [ LANG ] E:\dev\workDoc\myproject\AIBusiness\thinkphp\lang\zh-cn.php
[ info ] [ ROUTE ] array (
  'type' => 'module',
  'module' => 
  array (
    0 => 'favicon.ico',
    1 => NULL,
    2 => NULL,
  ),
)
[ info ] [ HEADER ] array (
  'accept-language' => 'zh-CN,zh;q=0.8',
  'accept-encoding' => 'gzip, deflate',
  'referer' => 'http://local.aibusiness.com/gdr/index/index',
  'accept' => 'image/webp,image/apng,image/*,*/*;q=0.8',
  'user-agent' => 'Mozilla/5.0 (Windows NT 6.1; Win64; x64) AppleWebKit/537.36 (KHTML, like Gecko) Chrome/60.0.3112.113 Safari/537.36',
  'connection' => 'close',
  'host' => 'local.aibusiness.com',
)
[ info ] [ PARAM ] array (
)
[ info ] [ LOG ] INIT File
---------------------------------------------------------------
[ 2017-11-27T14:46:36+08:00 ] 127.0.0.1 127.0.0.1 GET /gdr/index/index
[ info ] local.aibusiness.com/gdr/index/index [内存消耗：0kb] [文件加载：43]
[ info ] [ LANG ] E:\dev\workDoc\myproject\AIBusiness\thinkphp\lang\zh-cn.php
[ info ] [ ROUTE ] array (
  'type' => 'module',
  'module' => 
  array (
    0 => 'gdr',
    1 => 'index',
    2 => 'index',
  ),
)
[ info ] [ HEADER ] array (
  'accept-language' => 'zh-CN,zh;q=0.8',
  'accept-encoding' => 'gzip, deflate',
  'accept' => 'text/html,application/xhtml+xml,application/xml;q=0.9,image/webp,image/apng,*/*;q=0.8',
  'user-agent' => 'Mozilla/5.0 (Windows NT 6.1; Win64; x64) AppleWebKit/537.36 (KHTML, like Gecko) Chrome/60.0.3112.113 Safari/537.36',
  'upgrade-insecure-requests' => '1',
  'cache-control' => 'max-age=0',
  'connection' => 'close',
  'host' => 'local.aibusiness.com',
)
[ info ] [ PARAM ] array (
)
[ info ] [ LOG ] INIT File
---------------------------------------------------------------
[ 2017-11-27T14:46:52+08:00 ] 127.0.0.1 127.0.0.1 GET /gdr/index/index
[ info ] local.aibusiness.com/gdr/index/index [内存消耗：0kb] [文件加载：47]
[ info ] [ LANG ] E:\dev\workDoc\myproject\AIBusiness\thinkphp\lang\zh-cn.php
[ info ] [ ROUTE ] array (
  'type' => 'module',
  'module' => 
  array (
    0 => 'gdr',
    1 => 'index',
    2 => 'index',
  ),
)
[ info ] [ HEADER ] array (
  'accept-language' => 'zh-CN,zh;q=0.8',
  'accept-encoding' => 'gzip, deflate',
  'accept' => 'text/html,application/xhtml+xml,application/xml;q=0.9,image/webp,image/apng,*/*;q=0.8',
  'user-agent' => 'Mozilla/5.0 (Windows NT 6.1; Win64; x64) AppleWebKit/537.36 (KHTML, like Gecko) Chrome/60.0.3112.113 Safari/537.36',
  'upgrade-insecure-requests' => '1',
  'cache-control' => 'max-age=0',
  'connection' => 'close',
  'host' => 'local.aibusiness.com',
)
[ info ] [ PARAM ] array (
)
[ info ] [ RUN ] app\gdr\controller\Index->index[ E:\dev\workDoc\myproject\AIBusiness\application\gdr\controller\Index.php ]
[ info ] [ VIEW ] E:\dev\workDoc\myproject\AIBusiness\public/../application/gdr\view\index\index.html [ array (
) ]
[ info ] [ LOG ] INIT File
---------------------------------------------------------------
[ 2017-11-27T14:46:52+08:00 ] 127.0.0.1 127.0.0.1 GET /gdr/index/img/favicon.ico
[ info ] local.aibusiness.com/gdr/index/img/favicon.ico [内存消耗：0kb] [文件加载：47]
[ info ] [ LANG ] E:\dev\workDoc\myproject\AIBusiness\thinkphp\lang\zh-cn.php
[ info ] [ ROUTE ] array (
  'type' => 'module',
  'module' => 
  array (
    0 => 'gdr',
    1 => 'index',
    2 => 'img',
  ),
)
[ info ] [ HEADER ] array (
  'accept-language' => 'zh-CN,zh;q=0.8',
  'accept-encoding' => 'gzip, deflate',
  'referer' => 'http://local.aibusiness.com/gdr/index/index',
  'accept' => 'image/webp,image/apng,image/*,*/*;q=0.8',
  'user-agent' => 'Mozilla/5.0 (Windows NT 6.1; Win64; x64) AppleWebKit/537.36 (KHTML, like Gecko) Chrome/60.0.3112.113 Safari/537.36',
  'cache-control' => 'no-cache',
  'pragma' => 'no-cache',
  'connection' => 'close',
  'host' => 'local.aibusiness.com',
)
[ info ] [ PARAM ] array (
)
[ info ] [ LOG ] INIT File
---------------------------------------------------------------
[ 2017-11-27T14:48:13+08:00 ] 127.0.0.1 127.0.0.1 GET /gdr/index/index
[ info ] local.aibusiness.com/gdr/index/index [内存消耗：0kb] [文件加载：45]
[ info ] [ LANG ] E:\dev\workDoc\myproject\AIBusiness\thinkphp\lang\zh-cn.php
[ info ] [ ROUTE ] array (
  'type' => 'module',
  'module' => 
  array (
    0 => 'gdr',
    1 => 'index',
    2 => 'index',
  ),
)
[ info ] [ HEADER ] array (
  'accept-language' => 'zh-CN,zh;q=0.8',
  'accept-encoding' => 'gzip, deflate',
  'accept' => 'text/html,application/xhtml+xml,application/xml;q=0.9,image/webp,image/apng,*/*;q=0.8',
  'user-agent' => 'Mozilla/5.0 (Windows NT 6.1; Win64; x64) AppleWebKit/537.36 (KHTML, like Gecko) Chrome/60.0.3112.113 Safari/537.36',
  'upgrade-insecure-requests' => '1',
  'cache-control' => 'max-age=0',
  'connection' => 'close',
  'host' => 'local.aibusiness.com',
)
[ info ] [ PARAM ] array (
)
[ info ] [ RUN ] app\gdr\controller\Index->index[ E:\dev\workDoc\myproject\AIBusiness\application\gdr\controller\Index.php ]
[ info ] [ VIEW ] E:\dev\workDoc\myproject\AIBusiness\public/../application/gdr\view\index\index.html [ array (
) ]
[ info ] [ LOG ] INIT File
---------------------------------------------------------------
[ 2017-11-27T14:48:13+08:00 ] 127.0.0.1 127.0.0.1 GET /gdr/index/index
[ info ] local.aibusiness.com/gdr/index/index [内存消耗：0kb] [文件加载：45]
[ info ] [ LANG ] E:\dev\workDoc\myproject\AIBusiness\thinkphp\lang\zh-cn.php
[ info ] [ ROUTE ] array (
  'type' => 'module',
  'module' => 
  array (
    0 => 'gdr',
    1 => 'index',
    2 => 'index',
  ),
)
[ info ] [ HEADER ] array (
  'accept-language' => 'zh-CN,zh;q=0.8',
  'accept-encoding' => 'gzip, deflate',
  'accept' => 'text/html,application/xhtml+xml,application/xml;q=0.9,image/webp,image/apng,*/*;q=0.8',
  'user-agent' => 'Mozilla/5.0 (Windows NT 6.1; Win64; x64) AppleWebKit/537.36 (KHTML, like Gecko) Chrome/60.0.3112.113 Safari/537.36',
  'upgrade-insecure-requests' => '1',
  'cache-control' => 'max-age=0',
  'connection' => 'close',
  'host' => 'local.aibusiness.com',
)
[ info ] [ PARAM ] array (
)
[ info ] [ RUN ] app\gdr\controller\Index->index[ E:\dev\workDoc\myproject\AIBusiness\application\gdr\controller\Index.php ]
[ info ] [ VIEW ] E:\dev\workDoc\myproject\AIBusiness\public/../application/gdr\view\index\index.html [ array (
) ]
[ info ] [ LOG ] INIT File
---------------------------------------------------------------
[ 2017-11-27T14:48:14+08:00 ] 127.0.0.1 127.0.0.1 GET /gdr/index/index
[ info ] local.aibusiness.com/gdr/index/index [内存消耗：0kb] [文件加载：45]
[ info ] [ LANG ] E:\dev\workDoc\myproject\AIBusiness\thinkphp\lang\zh-cn.php
[ info ] [ ROUTE ] array (
  'type' => 'module',
  'module' => 
  array (
    0 => 'gdr',
    1 => 'index',
    2 => 'index',
  ),
)
[ info ] [ HEADER ] array (
  'accept-language' => 'zh-CN,zh;q=0.8',
  'accept-encoding' => 'gzip, deflate',
  'accept' => 'text/html,application/xhtml+xml,application/xml;q=0.9,image/webp,image/apng,*/*;q=0.8',
  'user-agent' => 'Mozilla/5.0 (Windows NT 6.1; Win64; x64) AppleWebKit/537.36 (KHTML, like Gecko) Chrome/60.0.3112.113 Safari/537.36',
  'upgrade-insecure-requests' => '1',
  'cache-control' => 'max-age=0',
  'connection' => 'close',
  'host' => 'local.aibusiness.com',
)
[ info ] [ PARAM ] array (
)
[ info ] [ RUN ] app\gdr\controller\Index->index[ E:\dev\workDoc\myproject\AIBusiness\application\gdr\controller\Index.php ]
[ info ] [ VIEW ] E:\dev\workDoc\myproject\AIBusiness\public/../application/gdr\view\index\index.html [ array (
) ]
[ info ] [ LOG ] INIT File
---------------------------------------------------------------
[ 2017-11-27T14:48:14+08:00 ] 127.0.0.1 127.0.0.1 GET /gdr/index/index
[ info ] local.aibusiness.com/gdr/index/index [内存消耗：0kb] [文件加载：45]
[ info ] [ LANG ] E:\dev\workDoc\myproject\AIBusiness\thinkphp\lang\zh-cn.php
[ info ] [ ROUTE ] array (
  'type' => 'module',
  'module' => 
  array (
    0 => 'gdr',
    1 => 'index',
    2 => 'index',
  ),
)
[ info ] [ HEADER ] array (
  'accept-language' => 'zh-CN,zh;q=0.8',
  'accept-encoding' => 'gzip, deflate',
  'accept' => 'text/html,application/xhtml+xml,application/xml;q=0.9,image/webp,image/apng,*/*;q=0.8',
  'user-agent' => 'Mozilla/5.0 (Windows NT 6.1; Win64; x64) AppleWebKit/537.36 (KHTML, like Gecko) Chrome/60.0.3112.113 Safari/537.36',
  'upgrade-insecure-requests' => '1',
  'cache-control' => 'max-age=0',
  'connection' => 'close',
  'host' => 'local.aibusiness.com',
)
[ info ] [ PARAM ] array (
)
[ info ] [ RUN ] app\gdr\controller\Index->index[ E:\dev\workDoc\myproject\AIBusiness\application\gdr\controller\Index.php ]
[ info ] [ VIEW ] E:\dev\workDoc\myproject\AIBusiness\public/../application/gdr\view\index\index.html [ array (
) ]
[ info ] [ LOG ] INIT File
---------------------------------------------------------------
[ 2017-11-27T14:48:16+08:00 ] 127.0.0.1 127.0.0.1 GET /gdr/index/index
[ info ] local.aibusiness.com/gdr/index/index [内存消耗：0kb] [文件加载：45]
[ info ] [ LANG ] E:\dev\workDoc\myproject\AIBusiness\thinkphp\lang\zh-cn.php
[ info ] [ ROUTE ] array (
  'type' => 'module',
  'module' => 
  array (
    0 => 'gdr',
    1 => 'index',
    2 => 'index',
  ),
)
[ info ] [ HEADER ] array (
  'accept-language' => 'zh-CN,zh;q=0.8',
  'accept-encoding' => 'gzip, deflate',
  'accept' => 'text/html,application/xhtml+xml,application/xml;q=0.9,image/webp,image/apng,*/*;q=0.8',
  'user-agent' => 'Mozilla/5.0 (Windows NT 6.1; Win64; x64) AppleWebKit/537.36 (KHTML, like Gecko) Chrome/60.0.3112.113 Safari/537.36',
  'upgrade-insecure-requests' => '1',
  'cache-control' => 'max-age=0',
  'connection' => 'close',
  'host' => 'local.aibusiness.com',
)
[ info ] [ PARAM ] array (
)
[ info ] [ RUN ] app\gdr\controller\Index->index[ E:\dev\workDoc\myproject\AIBusiness\application\gdr\controller\Index.php ]
[ info ] [ VIEW ] E:\dev\workDoc\myproject\AIBusiness\public/../application/gdr\view\index\index.html [ array (
) ]
[ info ] [ LOG ] INIT File
---------------------------------------------------------------
[ 2017-11-27T14:48:17+08:00 ] 127.0.0.1 127.0.0.1 GET /gdr/index/index
[ info ] local.aibusiness.com/gdr/index/index [内存消耗：0kb] [文件加载：45]
[ info ] [ LANG ] E:\dev\workDoc\myproject\AIBusiness\thinkphp\lang\zh-cn.php
[ info ] [ ROUTE ] array (
  'type' => 'module',
  'module' => 
  array (
    0 => 'gdr',
    1 => 'index',
    2 => 'index',
  ),
)
[ info ] [ HEADER ] array (
  'accept-language' => 'zh-CN,zh;q=0.8',
  'accept-encoding' => 'gzip, deflate',
  'accept' => 'text/html,application/xhtml+xml,application/xml;q=0.9,image/webp,image/apng,*/*;q=0.8',
  'user-agent' => 'Mozilla/5.0 (Windows NT 6.1; Win64; x64) AppleWebKit/537.36 (KHTML, like Gecko) Chrome/60.0.3112.113 Safari/537.36',
  'upgrade-insecure-requests' => '1',
  'cache-control' => 'max-age=0',
  'connection' => 'close',
  'host' => 'local.aibusiness.com',
)
[ info ] [ PARAM ] array (
)
[ info ] [ RUN ] app\gdr\controller\Index->index[ E:\dev\workDoc\myproject\AIBusiness\application\gdr\controller\Index.php ]
[ info ] [ VIEW ] E:\dev\workDoc\myproject\AIBusiness\public/../application/gdr\view\index\index.html [ array (
) ]
[ info ] [ LOG ] INIT File
---------------------------------------------------------------
[ 2017-11-27T14:48:17+08:00 ] 127.0.0.1 127.0.0.1 GET /gdr/index/index
[ info ] local.aibusiness.com/gdr/index/index [内存消耗：0kb] [文件加载：45]
[ info ] [ LANG ] E:\dev\workDoc\myproject\AIBusiness\thinkphp\lang\zh-cn.php
[ info ] [ ROUTE ] array (
  'type' => 'module',
  'module' => 
  array (
    0 => 'gdr',
    1 => 'index',
    2 => 'index',
  ),
)
[ info ] [ HEADER ] array (
  'accept-language' => 'zh-CN,zh;q=0.8',
  'accept-encoding' => 'gzip, deflate',
  'accept' => 'text/html,application/xhtml+xml,application/xml;q=0.9,image/webp,image/apng,*/*;q=0.8',
  'user-agent' => 'Mozilla/5.0 (Windows NT 6.1; Win64; x64) AppleWebKit/537.36 (KHTML, like Gecko) Chrome/60.0.3112.113 Safari/537.36',
  'upgrade-insecure-requests' => '1',
  'cache-control' => 'max-age=0',
  'connection' => 'close',
  'host' => 'local.aibusiness.com',
)
[ info ] [ PARAM ] array (
)
[ info ] [ RUN ] app\gdr\controller\Index->index[ E:\dev\workDoc\myproject\AIBusiness\application\gdr\controller\Index.php ]
[ info ] [ VIEW ] E:\dev\workDoc\myproject\AIBusiness\public/../application/gdr\view\index\index.html [ array (
) ]
[ info ] [ LOG ] INIT File
---------------------------------------------------------------
[ 2017-11-27T14:48:17+08:00 ] 127.0.0.1 127.0.0.1 GET /gdr/index/index
[ info ] local.aibusiness.com/gdr/index/index [内存消耗：0kb] [文件加载：45]
[ info ] [ LANG ] E:\dev\workDoc\myproject\AIBusiness\thinkphp\lang\zh-cn.php
[ info ] [ ROUTE ] array (
  'type' => 'module',
  'module' => 
  array (
    0 => 'gdr',
    1 => 'index',
    2 => 'index',
  ),
)
[ info ] [ HEADER ] array (
  'accept-language' => 'zh-CN,zh;q=0.8',
  'accept-encoding' => 'gzip, deflate',
  'accept' => 'text/html,application/xhtml+xml,application/xml;q=0.9,image/webp,image/apng,*/*;q=0.8',
  'user-agent' => 'Mozilla/5.0 (Windows NT 6.1; Win64; x64) AppleWebKit/537.36 (KHTML, like Gecko) Chrome/60.0.3112.113 Safari/537.36',
  'upgrade-insecure-requests' => '1',
  'cache-control' => 'max-age=0',
  'connection' => 'close',
  'host' => 'local.aibusiness.com',
)
[ info ] [ PARAM ] array (
)
[ info ] [ RUN ] app\gdr\controller\Index->index[ E:\dev\workDoc\myproject\AIBusiness\application\gdr\controller\Index.php ]
[ info ] [ VIEW ] E:\dev\workDoc\myproject\AIBusiness\public/../application/gdr\view\index\index.html [ array (
) ]
[ info ] [ LOG ] INIT File
---------------------------------------------------------------
[ 2017-11-27T14:48:18+08:00 ] 127.0.0.1 127.0.0.1 GET /gdr/index/index
[ info ] local.aibusiness.com/gdr/index/index [内存消耗：0kb] [文件加载：45]
[ info ] [ LANG ] E:\dev\workDoc\myproject\AIBusiness\thinkphp\lang\zh-cn.php
[ info ] [ ROUTE ] array (
  'type' => 'module',
  'module' => 
  array (
    0 => 'gdr',
    1 => 'index',
    2 => 'index',
  ),
)
[ info ] [ HEADER ] array (
  'accept-language' => 'zh-CN,zh;q=0.8',
  'accept-encoding' => 'gzip, deflate',
  'accept' => 'text/html,application/xhtml+xml,application/xml;q=0.9,image/webp,image/apng,*/*;q=0.8',
  'user-agent' => 'Mozilla/5.0 (Windows NT 6.1; Win64; x64) AppleWebKit/537.36 (KHTML, like Gecko) Chrome/60.0.3112.113 Safari/537.36',
  'upgrade-insecure-requests' => '1',
  'cache-control' => 'max-age=0',
  'connection' => 'close',
  'host' => 'local.aibusiness.com',
)
[ info ] [ PARAM ] array (
)
[ info ] [ RUN ] app\gdr\controller\Index->index[ E:\dev\workDoc\myproject\AIBusiness\application\gdr\controller\Index.php ]
[ info ] [ VIEW ] E:\dev\workDoc\myproject\AIBusiness\public/../application/gdr\view\index\index.html [ array (
) ]
[ info ] [ LOG ] INIT File
---------------------------------------------------------------
[ 2017-11-27T14:48:18+08:00 ] 127.0.0.1 127.0.0.1 GET /gdr/index/index
[ info ] local.aibusiness.com/gdr/index/index [内存消耗：0kb] [文件加载：45]
[ info ] [ LANG ] E:\dev\workDoc\myproject\AIBusiness\thinkphp\lang\zh-cn.php
[ info ] [ ROUTE ] array (
  'type' => 'module',
  'module' => 
  array (
    0 => 'gdr',
    1 => 'index',
    2 => 'index',
  ),
)
[ info ] [ HEADER ] array (
  'accept-language' => 'zh-CN,zh;q=0.8',
  'accept-encoding' => 'gzip, deflate',
  'accept' => 'text/html,application/xhtml+xml,application/xml;q=0.9,image/webp,image/apng,*/*;q=0.8',
  'user-agent' => 'Mozilla/5.0 (Windows NT 6.1; Win64; x64) AppleWebKit/537.36 (KHTML, like Gecko) Chrome/60.0.3112.113 Safari/537.36',
  'upgrade-insecure-requests' => '1',
  'cache-control' => 'max-age=0',
  'connection' => 'close',
  'host' => 'local.aibusiness.com',
)
[ info ] [ PARAM ] array (
)
[ info ] [ RUN ] app\gdr\controller\Index->index[ E:\dev\workDoc\myproject\AIBusiness\application\gdr\controller\Index.php ]
[ info ] [ VIEW ] E:\dev\workDoc\myproject\AIBusiness\public/../application/gdr\view\index\index.html [ array (
) ]
[ info ] [ LOG ] INIT File
---------------------------------------------------------------
[ 2017-11-27T14:48:18+08:00 ] 127.0.0.1 127.0.0.1 GET /gdr/index/index
[ info ] local.aibusiness.com/gdr/index/index [内存消耗：0kb] [文件加载：45]
[ info ] [ LANG ] E:\dev\workDoc\myproject\AIBusiness\thinkphp\lang\zh-cn.php
[ info ] [ ROUTE ] array (
  'type' => 'module',
  'module' => 
  array (
    0 => 'gdr',
    1 => 'index',
    2 => 'index',
  ),
)
[ info ] [ HEADER ] array (
  'accept-language' => 'zh-CN,zh;q=0.8',
  'accept-encoding' => 'gzip, deflate',
  'accept' => 'text/html,application/xhtml+xml,application/xml;q=0.9,image/webp,image/apng,*/*;q=0.8',
  'user-agent' => 'Mozilla/5.0 (Windows NT 6.1; Win64; x64) AppleWebKit/537.36 (KHTML, like Gecko) Chrome/60.0.3112.113 Safari/537.36',
  'upgrade-insecure-requests' => '1',
  'cache-control' => 'max-age=0',
  'connection' => 'close',
  'host' => 'local.aibusiness.com',
)
[ info ] [ PARAM ] array (
)
[ info ] [ RUN ] app\gdr\controller\Index->index[ E:\dev\workDoc\myproject\AIBusiness\application\gdr\controller\Index.php ]
[ info ] [ VIEW ] E:\dev\workDoc\myproject\AIBusiness\public/../application/gdr\view\index\index.html [ array (
) ]
[ info ] [ LOG ] INIT File
---------------------------------------------------------------
[ 2017-11-27T14:48:18+08:00 ] 127.0.0.1 127.0.0.1 GET /gdr/index/index
[ info ] local.aibusiness.com/gdr/index/index [内存消耗：0kb] [文件加载：45]
[ info ] [ LANG ] E:\dev\workDoc\myproject\AIBusiness\thinkphp\lang\zh-cn.php
[ info ] [ ROUTE ] array (
  'type' => 'module',
  'module' => 
  array (
    0 => 'gdr',
    1 => 'index',
    2 => 'index',
  ),
)
[ info ] [ HEADER ] array (
  'accept-language' => 'zh-CN,zh;q=0.8',
  'accept-encoding' => 'gzip, deflate',
  'accept' => 'text/html,application/xhtml+xml,application/xml;q=0.9,image/webp,image/apng,*/*;q=0.8',
  'user-agent' => 'Mozilla/5.0 (Windows NT 6.1; Win64; x64) AppleWebKit/537.36 (KHTML, like Gecko) Chrome/60.0.3112.113 Safari/537.36',
  'upgrade-insecure-requests' => '1',
  'cache-control' => 'max-age=0',
  'connection' => 'close',
  'host' => 'local.aibusiness.com',
)
[ info ] [ PARAM ] array (
)
[ info ] [ RUN ] app\gdr\controller\Index->index[ E:\dev\workDoc\myproject\AIBusiness\application\gdr\controller\Index.php ]
[ info ] [ VIEW ] E:\dev\workDoc\myproject\AIBusiness\public/../application/gdr\view\index\index.html [ array (
) ]
[ info ] [ LOG ] INIT File
---------------------------------------------------------------
[ 2017-11-27T16:09:43+08:00 ] 127.0.0.1 127.0.0.1 GET /gdr/index/index
[ info ] local.aibusiness.com/gdr/index/index [内存消耗：0kb] [文件加载：45]
[ info ] [ LANG ] E:\dev\workDoc\myproject\AIBusiness\thinkphp\lang\zh-cn.php
[ info ] [ ROUTE ] array (
  'type' => 'module',
  'module' => 
  array (
    0 => 'gdr',
    1 => 'index',
    2 => 'index',
  ),
)
[ info ] [ HEADER ] array (
  'accept-language' => 'zh-CN,zh;q=0.8',
  'accept-encoding' => 'gzip, deflate',
  'accept' => 'text/html,application/xhtml+xml,application/xml;q=0.9,image/webp,image/apng,*/*;q=0.8',
  'user-agent' => 'Mozilla/5.0 (Windows NT 6.1; Win64; x64) AppleWebKit/537.36 (KHTML, like Gecko) Chrome/60.0.3112.113 Safari/537.36',
  'upgrade-insecure-requests' => '1',
  'cache-control' => 'max-age=0',
  'connection' => 'close',
  'host' => 'local.aibusiness.com',
)
[ info ] [ PARAM ] array (
)
[ info ] [ RUN ] app\gdr\controller\Index->index[ E:\dev\workDoc\myproject\AIBusiness\application\gdr\controller\Index.php ]
[ info ] [ VIEW ] E:\dev\workDoc\myproject\AIBusiness\public/../application/gdr\view\index\index.html [ array (
) ]
[ info ] [ LOG ] INIT File
---------------------------------------------------------------
[ 2017-11-27T16:23:56+08:00 ] 127.0.0.1 127.0.0.1 GET /gdr/index/index
[ info ] local.aibusiness.com/gdr/index/index [内存消耗：0kb] [文件加载：44]
[ info ] [ LANG ] E:\dev\workDoc\myproject\AIBusiness\thinkphp\lang\zh-cn.php
[ info ] [ ROUTE ] array (
  'type' => 'module',
  'module' => 
  array (
    0 => 'gdr',
    1 => 'index',
    2 => 'index',
  ),
)
[ info ] [ HEADER ] array (
  'accept-language' => 'zh-CN,zh;q=0.8',
  'accept-encoding' => 'gzip, deflate',
  'accept' => 'text/html,application/xhtml+xml,application/xml;q=0.9,image/webp,image/apng,*/*;q=0.8',
  'user-agent' => 'Mozilla/5.0 (Windows NT 6.1; Win64; x64) AppleWebKit/537.36 (KHTML, like Gecko) Chrome/60.0.3112.113 Safari/537.36',
  'upgrade-insecure-requests' => '1',
  'cache-control' => 'max-age=0',
  'connection' => 'close',
  'host' => 'local.aibusiness.com',
)
[ info ] [ PARAM ] array (
)
[ info ] [ SESSION ] INIT array (
  'id' => '',
  'var_session_id' => '',
  'prefix' => 'think',
  'type' => '',
  'auto_start' => true,
)
[ info ] [ LOG ] INIT File
