---------------------------------------------------------------
[ 2017-11-28T13:28:30+08:00 ] 127.0.0.1 127.0.0.1 GET /gdr/index/index
[ info ] local.aibusiness.com/gdr/index/index [内存消耗：0kb] [文件加载：44]
[ info ] [ LANG ] E:\dev\workDoc\myproject\AIBusiness\thinkphp\lang\zh-cn.php
[ info ] [ ROUTE ] array (
  'type' => 'module',
  'module' => 
  array (
    0 => 'gdr',
    1 => 'index',
    2 => 'index',
  ),
)
[ info ] [ HEADER ] array (
  'accept-language' => 'zh-CN,zh;q=0.8',
  'accept-encoding' => 'gzip, deflate',
  'accept' => 'text/html,application/xhtml+xml,application/xml;q=0.9,image/webp,image/apng,*/*;q=0.8',
  'user-agent' => 'Mozilla/5.0 (Windows NT 6.1; Win64; x64) AppleWebKit/537.36 (KHTML, like Gecko) Chrome/60.0.3112.113 Safari/537.36',
  'upgrade-insecure-requests' => '1',
  'connection' => 'close',
  'host' => 'local.aibusiness.com',
)
[ info ] [ PARAM ] array (
)
[ info ] [ SESSION ] INIT array (
  'id' => '',
  'var_session_id' => '',
  'prefix' => 'think',
  'type' => '',
  'auto_start' => true,
)
[ info ] [ LOG ] INIT File
---------------------------------------------------------------
[ 2017-11-28T13:28:30+08:00 ] 127.0.0.1 127.0.0.1 GET /favicon.ico
[ info ] local.aibusiness.com/favicon.ico [内存消耗：0kb] [文件加载：39]
[ info ] [ LANG ] E:\dev\workDoc\myproject\AIBusiness\thinkphp\lang\zh-cn.php
[ info ] [ ROUTE ] array (
  'type' => 'module',
  'module' => 
  array (
    0 => 'favicon.ico',
    1 => NULL,
    2 => NULL,
  ),
)
[ info ] [ HEADER ] array (
  'cookie' => 'PHPSESSID=6pguntetdrhvtqok6a7024gu65',
  'accept-language' => 'zh-CN,zh;q=0.8',
  'accept-encoding' => 'gzip, deflate',
  'referer' => 'http://local.aibusiness.com/gdr/index/index',
  'accept' => 'image/webp,image/apng,image/*,*/*;q=0.8',
  'user-agent' => 'Mozilla/5.0 (Windows NT 6.1; Win64; x64) AppleWebKit/537.36 (KHTML, like Gecko) Chrome/60.0.3112.113 Safari/537.36',
  'connection' => 'close',
  'host' => 'local.aibusiness.com',
)
[ info ] [ PARAM ] array (
)
[ info ] [ LOG ] INIT File
---------------------------------------------------------------
[ 2017-11-28T13:28:59+08:00 ] 127.0.0.1 127.0.0.1 GET /gdr/index/index
[ info ] local.aibusiness.com/gdr/index/index [内存消耗：0kb] [文件加载：44]
[ info ] [ LANG ] E:\dev\workDoc\myproject\AIBusiness\thinkphp\lang\zh-cn.php
[ info ] [ ROUTE ] array (
  'type' => 'module',
  'module' => 
  array (
    0 => 'gdr',
    1 => 'index',
    2 => 'index',
  ),
)
[ info ] [ HEADER ] array (
  'cookie' => 'PHPSESSID=6pguntetdrhvtqok6a7024gu65; XDEBUG_SESSION=XDEBUG_ECLIPSE',
  'accept-language' => 'zh-CN,zh;q=0.8',
  'accept-encoding' => 'gzip, deflate',
  'accept' => 'text/html,application/xhtml+xml,application/xml;q=0.9,image/webp,image/apng,*/*;q=0.8',
  'user-agent' => 'Mozilla/5.0 (Windows NT 6.1; Win64; x64) AppleWebKit/537.36 (KHTML, like Gecko) Chrome/60.0.3112.113 Safari/537.36',
  'upgrade-insecure-requests' => '1',
  'cache-control' => 'max-age=0',
  'connection' => 'close',
  'host' => 'local.aibusiness.com',
)
[ info ] [ PARAM ] array (
)
[ info ] [ SESSION ] INIT array (
  'id' => '',
  'var_session_id' => '',
  'prefix' => 'think',
  'type' => '',
  'auto_start' => true,
)
[ info ] [ LOG ] INIT File
---------------------------------------------------------------
[ 2017-11-28T13:29:52+08:00 ] 127.0.0.1 127.0.0.1 GET /gdr/index/index
[ info ] local.aibusiness.com/gdr/index/index [内存消耗：0kb] [文件加载：44]
[ info ] [ LANG ] E:\dev\workDoc\myproject\AIBusiness\thinkphp\lang\zh-cn.php
[ info ] [ ROUTE ] array (
  'type' => 'module',
  'module' => 
  array (
    0 => 'gdr',
    1 => 'index',
    2 => 'index',
  ),
)
[ info ] [ HEADER ] array (
  'cookie' => 'PHPSESSID=6pguntetdrhvtqok6a7024gu65; XDEBUG_SESSION=XDEBUG_ECLIPSE',
  'accept-language' => 'zh-CN,zh;q=0.8',
  'accept-encoding' => 'gzip, deflate',
  'accept' => 'text/html,application/xhtml+xml,application/xml;q=0.9,image/webp,image/apng,*/*;q=0.8',
  'user-agent' => 'Mozilla/5.0 (Windows NT 6.1; Win64; x64) AppleWebKit/537.36 (KHTML, like Gecko) Chrome/60.0.3112.113 Safari/537.36',
  'upgrade-insecure-requests' => '1',
  'cache-control' => 'max-age=0',
  'connection' => 'close',
  'host' => 'local.aibusiness.com',
)
[ info ] [ PARAM ] array (
)
[ info ] [ SESSION ] INIT array (
  'id' => '',
  'var_session_id' => '',
  'prefix' => 'think',
  'type' => '',
  'auto_start' => true,
)
[ info ] [ LOG ] INIT File
---------------------------------------------------------------
[ 2017-11-28T17:21:29+08:00 ] 127.0.0.1 127.0.0.1 GET /gdr/index/index
[ info ] local.aibusiness.com/gdr/index/index [内存消耗：0kb] [文件加载：44]
[ info ] [ LANG ] E:\dev\workDoc\myproject\AIBusiness\thinkphp\lang\zh-cn.php
[ info ] [ ROUTE ] array (
  'type' => 'module',
  'module' => 
  array (
    0 => 'gdr',
    1 => 'index',
    2 => 'index',
  ),
)
[ info ] [ HEADER ] array (
  'cookie' => 'PHPSESSID=6pguntetdrhvtqok6a7024gu65; XDEBUG_SESSION=XDEBUG_ECLIPSE',
  'accept-language' => 'zh-CN,zh;q=0.8',
  'accept-encoding' => 'gzip, deflate',
  'accept' => 'text/html,application/xhtml+xml,application/xml;q=0.9,image/webp,image/apng,*/*;q=0.8',
  'user-agent' => 'Mozilla/5.0 (Windows NT 6.1; Win64; x64) AppleWebKit/537.36 (KHTML, like Gecko) Chrome/60.0.3112.113 Safari/537.36',
  'upgrade-insecure-requests' => '1',
  'connection' => 'close',
  'host' => 'local.aibusiness.com',
)
[ info ] [ PARAM ] array (
)
[ info ] [ SESSION ] INIT array (
  'id' => '',
  'var_session_id' => '',
  'prefix' => 'think',
  'type' => '',
  'auto_start' => true,
)
[ info ] [ LOG ] INIT File
---------------------------------------------------------------
[ 2017-11-28T17:21:41+08:00 ] 127.0.0.1 127.0.0.1 GET /gdr/index/index
[ info ] local.aibusiness.com/gdr/index/index [内存消耗：0kb] [文件加载：44]
[ info ] [ LANG ] E:\dev\workDoc\myproject\AIBusiness\thinkphp\lang\zh-cn.php
[ info ] [ ROUTE ] array (
  'type' => 'module',
  'module' => 
  array (
    0 => 'gdr',
    1 => 'index',
    2 => 'index',
  ),
)
[ info ] [ HEADER ] array (
  'cookie' => 'PHPSESSID=6pguntetdrhvtqok6a7024gu65; XDEBUG_SESSION=XDEBUG_ECLIPSE',
  'accept-language' => 'zh-CN,zh;q=0.8',
  'accept-encoding' => 'gzip, deflate',
  'accept' => 'text/html,application/xhtml+xml,application/xml;q=0.9,image/webp,image/apng,*/*;q=0.8',
  'user-agent' => 'Mozilla/5.0 (Windows NT 6.1; Win64; x64) AppleWebKit/537.36 (KHTML, like Gecko) Chrome/60.0.3112.113 Safari/537.36',
  'upgrade-insecure-requests' => '1',
  'cache-control' => 'max-age=0',
  'connection' => 'close',
  'host' => 'local.aibusiness.com',
)
[ info ] [ PARAM ] array (
)
[ info ] [ SESSION ] INIT array (
  'id' => '',
  'var_session_id' => '',
  'prefix' => 'think',
  'type' => '',
  'auto_start' => true,
)
[ info ] [ LOG ] INIT File
---------------------------------------------------------------
[ 2017-11-28T17:23:35+08:00 ] 127.0.0.1 127.0.0.1 GET /gdr/index/index?code=ssfff
[ info ] local.aibusiness.com/gdr/index/index?code=ssfff [内存消耗：0kb] [文件加载：46]
[ info ] [ LANG ] E:\dev\workDoc\myproject\AIBusiness\thinkphp\lang\zh-cn.php
[ info ] [ ROUTE ] array (
  'type' => 'module',
  'module' => 
  array (
    0 => 'gdr',
    1 => 'index',
    2 => 'index',
  ),
)
[ info ] [ HEADER ] array (
  'cookie' => 'PHPSESSID=6pguntetdrhvtqok6a7024gu65; XDEBUG_SESSION=XDEBUG_ECLIPSE',
  'accept-language' => 'zh-CN,zh;q=0.8',
  'accept-encoding' => 'gzip, deflate',
  'accept' => 'text/html,application/xhtml+xml,application/xml;q=0.9,image/webp,image/apng,*/*;q=0.8',
  'user-agent' => 'Mozilla/5.0 (Windows NT 6.1; Win64; x64) AppleWebKit/537.36 (KHTML, like Gecko) Chrome/60.0.3112.113 Safari/537.36',
  'upgrade-insecure-requests' => '1',
  'connection' => 'close',
  'host' => 'local.aibusiness.com',
)
[ info ] [ PARAM ] array (
  'code' => 'ssfff',
)
[ info ] [ SESSION ] INIT array (
  'id' => '',
  'var_session_id' => '',
  'prefix' => 'think',
  'type' => '',
  'auto_start' => true,
)
[ info ] [ LOG ] INIT File
---------------------------------------------------------------
[ 2017-11-28T17:23:51+08:00 ] 127.0.0.1 127.0.0.1 GET /gdr/index/index?code=ssfff
[ info ] local.aibusiness.com/gdr/index/index?code=ssfff [内存消耗：0kb] [文件加载：46]
[ info ] [ LANG ] E:\dev\workDoc\myproject\AIBusiness\thinkphp\lang\zh-cn.php
[ info ] [ ROUTE ] array (
  'type' => 'module',
  'module' => 
  array (
    0 => 'gdr',
    1 => 'index',
    2 => 'index',
  ),
)
[ info ] [ HEADER ] array (
  'cookie' => 'PHPSESSID=6pguntetdrhvtqok6a7024gu65; XDEBUG_SESSION=XDEBUG_ECLIPSE',
  'accept-language' => 'zh-CN,zh;q=0.8',
  'accept-encoding' => 'gzip, deflate',
  'accept' => 'text/html,application/xhtml+xml,application/xml;q=0.9,image/webp,image/apng,*/*;q=0.8',
  'user-agent' => 'Mozilla/5.0 (Windows NT 6.1; Win64; x64) AppleWebKit/537.36 (KHTML, like Gecko) Chrome/60.0.3112.113 Safari/537.36',
  'upgrade-insecure-requests' => '1',
  'cache-control' => 'max-age=0',
  'connection' => 'close',
  'host' => 'local.aibusiness.com',
)
[ info ] [ PARAM ] array (
  'code' => 'ssfff',
)
[ info ] [ SESSION ] INIT array (
  'id' => '',
  'var_session_id' => '',
  'prefix' => 'think',
  'type' => '',
  'auto_start' => true,
)
[ info ] [ LOG ] INIT File
---------------------------------------------------------------
[ 2017-11-28T17:24:38+08:00 ] 127.0.0.1 127.0.0.1 GET /gdr/index/index?code=ssfff
[ info ] local.aibusiness.com/gdr/index/index?code=ssfff [内存消耗：0kb] [文件加载：44]
[ info ] [ LANG ] E:\dev\workDoc\myproject\AIBusiness\thinkphp\lang\zh-cn.php
[ info ] [ ROUTE ] array (
  'type' => 'module',
  'module' => 
  array (
    0 => 'gdr',
    1 => 'index',
    2 => 'index',
  ),
)
[ info ] [ HEADER ] array (
  'cookie' => 'PHPSESSID=6pguntetdrhvtqok6a7024gu65; XDEBUG_SESSION=XDEBUG_ECLIPSE',
  'accept-language' => 'zh-CN,zh;q=0.8',
  'accept-encoding' => 'gzip, deflate',
  'accept' => 'text/html,application/xhtml+xml,application/xml;q=0.9,image/webp,image/apng,*/*;q=0.8',
  'user-agent' => 'Mozilla/5.0 (Windows NT 6.1; Win64; x64) AppleWebKit/537.36 (KHTML, like Gecko) Chrome/60.0.3112.113 Safari/537.36',
  'upgrade-insecure-requests' => '1',
  'cache-control' => 'max-age=0',
  'connection' => 'close',
  'host' => 'local.aibusiness.com',
)
[ info ] [ PARAM ] array (
  'code' => 'ssfff',
)
[ info ] [ SESSION ] INIT array (
  'id' => '',
  'var_session_id' => '',
  'prefix' => 'think',
  'type' => '',
  'auto_start' => true,
)
[ info ] [ LOG ] INIT File
---------------------------------------------------------------
[ 2017-11-28T17:26:45+08:00 ] 127.0.0.1 127.0.0.1 GET /gdr/index/index?code=ssfff
[ info ] local.aibusiness.com/gdr/index/index?code=ssfff [内存消耗：0kb] [文件加载：44]
[ info ] [ LANG ] E:\dev\workDoc\myproject\AIBusiness\thinkphp\lang\zh-cn.php
[ info ] [ ROUTE ] array (
  'type' => 'module',
  'module' => 
  array (
    0 => 'gdr',
    1 => 'index',
    2 => 'index',
  ),
)
[ info ] [ HEADER ] array (
  'cookie' => 'PHPSESSID=6pguntetdrhvtqok6a7024gu65; XDEBUG_SESSION=XDEBUG_ECLIPSE',
  'accept-language' => 'zh-CN,zh;q=0.8',
  'accept-encoding' => 'gzip, deflate',
  'accept' => 'text/html,application/xhtml+xml,application/xml;q=0.9,image/webp,image/apng,*/*;q=0.8',
  'user-agent' => 'Mozilla/5.0 (Windows NT 6.1; Win64; x64) AppleWebKit/537.36 (KHTML, like Gecko) Chrome/60.0.3112.113 Safari/537.36',
  'upgrade-insecure-requests' => '1',
  'cache-control' => 'max-age=0',
  'connection' => 'close',
  'host' => 'local.aibusiness.com',
)
[ info ] [ PARAM ] array (
  'code' => 'ssfff',
)
[ info ] [ SESSION ] INIT array (
  'id' => '',
  'var_session_id' => '',
  'prefix' => 'think',
  'type' => '',
  'auto_start' => true,
)
[ info ] [ LOG ] INIT File
---------------------------------------------------------------
[ 2017-11-28T17:28:46+08:00 ] 127.0.0.1 127.0.0.1 GET /gdr/index/index?code=ssfff
[ info ] local.aibusiness.com/gdr/index/index?code=ssfff [内存消耗：0kb] [文件加载：46]
[ info ] [ LANG ] E:\dev\workDoc\myproject\AIBusiness\thinkphp\lang\zh-cn.php
[ info ] [ ROUTE ] array (
  'type' => 'module',
  'module' => 
  array (
    0 => 'gdr',
    1 => 'index',
    2 => 'index',
  ),
)
[ info ] [ HEADER ] array (
  'cookie' => 'PHPSESSID=6pguntetdrhvtqok6a7024gu65; XDEBUG_SESSION=XDEBUG_ECLIPSE',
  'accept-language' => 'zh-CN,zh;q=0.8',
  'accept-encoding' => 'gzip, deflate',
  'accept' => 'text/html,application/xhtml+xml,application/xml;q=0.9,image/webp,image/apng,*/*;q=0.8',
  'user-agent' => 'Mozilla/5.0 (Windows NT 6.1; Win64; x64) AppleWebKit/537.36 (KHTML, like Gecko) Chrome/60.0.3112.113 Safari/537.36',
  'upgrade-insecure-requests' => '1',
  'cache-control' => 'max-age=0',
  'connection' => 'close',
  'host' => 'local.aibusiness.com',
)
[ info ] [ PARAM ] array (
  'code' => 'ssfff',
)
[ info ] [ SESSION ] INIT array (
  'id' => '',
  'var_session_id' => '',
  'prefix' => 'think',
  'type' => '',
  'auto_start' => true,
)
[ info ] [ LOG ] INIT File
---------------------------------------------------------------
[ 2017-11-28T17:30:14+08:00 ] 127.0.0.1 127.0.0.1 GET /gdr/index/index?code=ssfff
[ info ] local.aibusiness.com/gdr/index/index?code=ssfff [内存消耗：0kb] [文件加载：46]
[ info ] [ LANG ] E:\dev\workDoc\myproject\AIBusiness\thinkphp\lang\zh-cn.php
[ info ] [ ROUTE ] array (
  'type' => 'module',
  'module' => 
  array (
    0 => 'gdr',
    1 => 'index',
    2 => 'index',
  ),
)
[ info ] [ HEADER ] array (
  'cookie' => 'PHPSESSID=6pguntetdrhvtqok6a7024gu65; XDEBUG_SESSION=XDEBUG_ECLIPSE',
  'accept-language' => 'zh-CN,zh;q=0.8',
  'accept-encoding' => 'gzip, deflate',
  'accept' => 'text/html,application/xhtml+xml,application/xml;q=0.9,image/webp,image/apng,*/*;q=0.8',
  'user-agent' => 'Mozilla/5.0 (Windows NT 6.1; Win64; x64) AppleWebKit/537.36 (KHTML, like Gecko) Chrome/60.0.3112.113 Safari/537.36',
  'upgrade-insecure-requests' => '1',
  'cache-control' => 'max-age=0',
  'connection' => 'close',
  'host' => 'local.aibusiness.com',
)
[ info ] [ PARAM ] array (
  'code' => 'ssfff',
)
[ info ] [ SESSION ] INIT array (
  'id' => '',
  'var_session_id' => '',
  'prefix' => 'think',
  'type' => '',
  'auto_start' => true,
)
[ info ] [ LOG ] INIT File
---------------------------------------------------------------
[ 2017-11-28T17:36:12+08:00 ] 127.0.0.1 127.0.0.1 GET /gdr/index/index?code=7d5762f9-b678-42d5-9e75-df94b62078ff
[ info ] local.aibusiness.com/gdr/index/index?code=7d5762f9-b678-42d5-9e75-df94b62078ff [内存消耗：0kb] [文件加载：46]
[ info ] [ LANG ] E:\dev\workDoc\myproject\AIBusiness\thinkphp\lang\zh-cn.php
[ info ] [ ROUTE ] array (
  'type' => 'module',
  'module' => 
  array (
    0 => 'gdr',
    1 => 'index',
    2 => 'index',
  ),
)
[ info ] [ HEADER ] array (
  'cookie' => 'PHPSESSID=6pguntetdrhvtqok6a7024gu65; XDEBUG_SESSION=XDEBUG_ECLIPSE',
  'accept-language' => 'zh-CN,zh;q=0.8',
  'accept-encoding' => 'gzip, deflate',
  'accept' => 'text/html,application/xhtml+xml,application/xml;q=0.9,image/webp,image/apng,*/*;q=0.8',
  'user-agent' => 'Mozilla/5.0 (Windows NT 6.1; Win64; x64) AppleWebKit/537.36 (KHTML, like Gecko) Chrome/60.0.3112.113 Safari/537.36',
  'upgrade-insecure-requests' => '1',
  'connection' => 'close',
  'host' => 'local.aibusiness.com',
)
[ info ] [ PARAM ] array (
  'code' => '7d5762f9-b678-42d5-9e75-df94b62078ff',
)
[ info ] [ SESSION ] INIT array (
  'id' => '',
  'var_session_id' => '',
  'prefix' => 'think',
  'type' => '',
  'auto_start' => true,
)
[ info ] [ LOG ] INIT File
---------------------------------------------------------------
[ 2017-11-28T17:49:42+08:00 ] 127.0.0.1 127.0.0.1 GET /gdr/index/index?code=d836e5f0-cc72-4081-a2e2-cc9b06c867c1
[ info ] local.aibusiness.com/gdr/index/index?code=d836e5f0-cc72-4081-a2e2-cc9b06c867c1 [内存消耗：0kb] [文件加载：46]
[ info ] [ LANG ] E:\dev\workDoc\myproject\AIBusiness\thinkphp\lang\zh-cn.php
[ info ] [ ROUTE ] array (
  'type' => 'module',
  'module' => 
  array (
    0 => 'gdr',
    1 => 'index',
    2 => 'index',
  ),
)
[ info ] [ HEADER ] array (
  'cookie' => 'PHPSESSID=6pguntetdrhvtqok6a7024gu65; XDEBUG_SESSION=XDEBUG_ECLIPSE',
  'accept-language' => 'zh-CN,zh;q=0.8',
  'accept-encoding' => 'gzip, deflate',
  'accept' => 'text/html,application/xhtml+xml,application/xml;q=0.9,image/webp,image/apng,*/*;q=0.8',
  'user-agent' => 'Mozilla/5.0 (Windows NT 6.1; Win64; x64) AppleWebKit/537.36 (KHTML, like Gecko) Chrome/60.0.3112.113 Safari/537.36',
  'upgrade-insecure-requests' => '1',
  'cache-control' => 'max-age=0',
  'connection' => 'close',
  'host' => 'local.aibusiness.com',
)
[ info ] [ PARAM ] array (
  'code' => 'd836e5f0-cc72-4081-a2e2-cc9b06c867c1',
)
[ info ] [ SESSION ] INIT array (
  'id' => '',
  'var_session_id' => '',
  'prefix' => 'think',
  'type' => '',
  'auto_start' => true,
)
[ info ] [ LOG ] INIT File
---------------------------------------------------------------
[ 2017-11-28T17:50:45+08:00 ] 127.0.0.1 127.0.0.1 GET /gdr/index/index?code=7d5762f9-b678-42d5-9e75-df94b62078ff
[ info ] local.aibusiness.com/gdr/index/index?code=7d5762f9-b678-42d5-9e75-df94b62078ff [内存消耗：0kb] [文件加载：45]
[ info ] [ LANG ] E:\dev\workDoc\myproject\AIBusiness\thinkphp\lang\zh-cn.php
[ info ] [ ROUTE ] array (
  'type' => 'module',
  'module' => 
  array (
    0 => 'gdr',
    1 => 'index',
    2 => 'index',
  ),
)
[ info ] [ HEADER ] array (
  'cookie' => 'PHPSESSID=6pguntetdrhvtqok6a7024gu65; XDEBUG_SESSION=XDEBUG_ECLIPSE',
  'accept-language' => 'zh-CN,zh;q=0.8',
  'accept-encoding' => 'gzip, deflate',
  'accept' => 'text/html,application/xhtml+xml,application/xml;q=0.9,image/webp,image/apng,*/*;q=0.8',
  'user-agent' => 'Mozilla/5.0 (Windows NT 6.1; Win64; x64) AppleWebKit/537.36 (KHTML, like Gecko) Chrome/60.0.3112.113 Safari/537.36',
  'upgrade-insecure-requests' => '1',
  'cache-control' => 'max-age=0',
  'connection' => 'close',
  'host' => 'local.aibusiness.com',
)
[ info ] [ PARAM ] array (
  'code' => '7d5762f9-b678-42d5-9e75-df94b62078ff',
)
[ info ] [ SESSION ] INIT array (
  'id' => '',
  'var_session_id' => '',
  'prefix' => 'think',
  'type' => '',
  'auto_start' => true,
)
[ log ] 调用失败:SSL certificate problem: unable to get local issuer certificate
---------------------------------------------------------------
[ 2017-11-28T17:51:30+08:00 ] 127.0.0.1 127.0.0.1 GET /gdr/index/index?code=7d5762f9-b678-42d5-9e75-df94b62078ff
[ info ] local.aibusiness.com/gdr/index/index?code=7d5762f9-b678-42d5-9e75-df94b62078ff [内存消耗：0kb] [文件加载：46]
[ info ] [ LANG ] E:\dev\workDoc\myproject\AIBusiness\thinkphp\lang\zh-cn.php
[ info ] [ ROUTE ] array (
  'type' => 'module',
  'module' => 
  array (
    0 => 'gdr',
    1 => 'index',
    2 => 'index',
  ),
)
[ info ] [ HEADER ] array (
  'cookie' => 'PHPSESSID=6pguntetdrhvtqok6a7024gu65; XDEBUG_SESSION=XDEBUG_ECLIPSE',
  'accept-language' => 'zh-CN,zh;q=0.8',
  'accept-encoding' => 'gzip, deflate',
  'accept' => 'text/html,application/xhtml+xml,application/xml;q=0.9,image/webp,image/apng,*/*;q=0.8',
  'user-agent' => 'Mozilla/5.0 (Windows NT 6.1; Win64; x64) AppleWebKit/537.36 (KHTML, like Gecko) Chrome/60.0.3112.113 Safari/537.36',
  'upgrade-insecure-requests' => '1',
  'cache-control' => 'max-age=0',
  'connection' => 'close',
  'host' => 'local.aibusiness.com',
)
[ info ] [ PARAM ] array (
  'code' => '7d5762f9-b678-42d5-9e75-df94b62078ff',
)
[ info ] [ SESSION ] INIT array (
  'id' => '',
  'var_session_id' => '',
  'prefix' => 'think',
  'type' => '',
  'auto_start' => true,
)
[ info ] [ LOG ] INIT File
---------------------------------------------------------------
[ 2017-11-28T17:53:11+08:00 ] 127.0.0.1 127.0.0.1 GET /gdr/index/index?code=d836e5f0-cc72-4081-a2e2-cc9b06c867c1
[ info ] local.aibusiness.com/gdr/index/index?code=d836e5f0-cc72-4081-a2e2-cc9b06c867c1 [内存消耗：0kb] [文件加载：45]
[ info ] [ LANG ] E:\dev\workDoc\myproject\AIBusiness\thinkphp\lang\zh-cn.php
[ info ] [ ROUTE ] array (
  'type' => 'module',
  'module' => 
  array (
    0 => 'gdr',
    1 => 'index',
    2 => 'index',
  ),
)
[ info ] [ HEADER ] array (
  'cookie' => 'PHPSESSID=6pguntetdrhvtqok6a7024gu65; XDEBUG_SESSION=XDEBUG_ECLIPSE',
  'accept-language' => 'zh-CN,zh;q=0.8',
  'accept-encoding' => 'gzip, deflate',
  'accept' => 'text/html,application/xhtml+xml,application/xml;q=0.9,image/webp,image/apng,*/*;q=0.8',
  'user-agent' => 'Mozilla/5.0 (Windows NT 6.1; Win64; x64) AppleWebKit/537.36 (KHTML, like Gecko) Chrome/60.0.3112.113 Safari/537.36',
  'upgrade-insecure-requests' => '1',
  'cache-control' => 'max-age=0',
  'connection' => 'close',
  'host' => 'local.aibusiness.com',
)
[ info ] [ PARAM ] array (
  'code' => 'd836e5f0-cc72-4081-a2e2-cc9b06c867c1',
)
[ info ] [ SESSION ] INIT array (
  'id' => '',
  'var_session_id' => '',
  'prefix' => 'think',
  'type' => '',
  'auto_start' => true,
)
[ info ] [ LOG ] INIT File
---------------------------------------------------------------
[ 2017-11-28T17:53:38+08:00 ] 127.0.0.1 127.0.0.1 GET /gdr/index/index?code=7d5762f9-b678-42d5-9e75-df94b62078ff
[ info ] local.aibusiness.com/gdr/index/index?code=7d5762f9-b678-42d5-9e75-df94b62078ff [内存消耗：0kb] [文件加载：46]
[ info ] [ LANG ] E:\dev\workDoc\myproject\AIBusiness\thinkphp\lang\zh-cn.php
[ info ] [ ROUTE ] array (
  'type' => 'module',
  'module' => 
  array (
    0 => 'gdr',
    1 => 'index',
    2 => 'index',
  ),
)
[ info ] [ HEADER ] array (
  'cookie' => 'PHPSESSID=6pguntetdrhvtqok6a7024gu65; XDEBUG_SESSION=XDEBUG_ECLIPSE',
  'accept-language' => 'zh-CN,zh;q=0.8',
  'accept-encoding' => 'gzip, deflate',
  'accept' => 'text/html,application/xhtml+xml,application/xml;q=0.9,image/webp,image/apng,*/*;q=0.8',
  'user-agent' => 'Mozilla/5.0 (Windows NT 6.1; Win64; x64) AppleWebKit/537.36 (KHTML, like Gecko) Chrome/60.0.3112.113 Safari/537.36',
  'upgrade-insecure-requests' => '1',
  'cache-control' => 'max-age=0',
  'connection' => 'close',
  'host' => 'local.aibusiness.com',
)
[ info ] [ PARAM ] array (
  'code' => '7d5762f9-b678-42d5-9e75-df94b62078ff',
)
[ info ] [ SESSION ] INIT array (
  'id' => '',
  'var_session_id' => '',
  'prefix' => 'think',
  'type' => '',
  'auto_start' => true,
)
[ info ] [ LOG ] INIT File
---------------------------------------------------------------
[ 2017-11-28T17:57:21+08:00 ] 127.0.0.1 127.0.0.1 GET /gdr/index/index?code=f7bb1625-ea39-4954-8384-b244955d3018
[ info ] local.aibusiness.com/gdr/index/index?code=f7bb1625-ea39-4954-8384-b244955d3018 [内存消耗：0kb] [文件加载：46]
[ info ] [ LANG ] E:\dev\workDoc\myproject\AIBusiness\thinkphp\lang\zh-cn.php
[ info ] [ ROUTE ] array (
  'type' => 'module',
  'module' => 
  array (
    0 => 'gdr',
    1 => 'index',
    2 => 'index',
  ),
)
[ info ] [ HEADER ] array (
  'cookie' => 'PHPSESSID=6pguntetdrhvtqok6a7024gu65; XDEBUG_SESSION=XDEBUG_ECLIPSE',
  'accept-language' => 'zh-CN,zh;q=0.8',
  'accept-encoding' => 'gzip, deflate',
  'accept' => 'text/html,application/xhtml+xml,application/xml;q=0.9,image/webp,image/apng,*/*;q=0.8',
  'user-agent' => 'Mozilla/5.0 (Windows NT 6.1; Win64; x64) AppleWebKit/537.36 (KHTML, like Gecko) Chrome/60.0.3112.113 Safari/537.36',
  'upgrade-insecure-requests' => '1',
  'cache-control' => 'max-age=0',
  'connection' => 'close',
  'host' => 'local.aibusiness.com',
)
[ info ] [ PARAM ] array (
  'code' => 'f7bb1625-ea39-4954-8384-b244955d3018',
)
[ info ] [ SESSION ] INIT array (
  'id' => '',
  'var_session_id' => '',
  'prefix' => 'think',
  'type' => '',
  'auto_start' => true,
)
[ info ] [ LOG ] INIT File
---------------------------------------------------------------
[ 2017-11-28T18:07:38+08:00 ] 127.0.0.1 127.0.0.1 GET /gdr/index/index?code=7061e6eb-41c5-4684-827f-705b26661855
[ info ] local.aibusiness.com/gdr/index/index?code=7061e6eb-41c5-4684-827f-705b26661855 [内存消耗：0kb] [文件加载：46]
[ info ] [ LANG ] E:\dev\workDoc\myproject\AIBusiness\thinkphp\lang\zh-cn.php
[ info ] [ ROUTE ] array (
  'type' => 'module',
  'module' => 
  array (
    0 => 'gdr',
    1 => 'index',
    2 => 'index',
  ),
)
[ info ] [ HEADER ] array (
  'cookie' => 'PHPSESSID=6pguntetdrhvtqok6a7024gu65; XDEBUG_SESSION=XDEBUG_ECLIPSE',
  'accept-language' => 'zh-CN,zh;q=0.8',
  'accept-encoding' => 'gzip, deflate',
  'accept' => 'text/html,application/xhtml+xml,application/xml;q=0.9,image/webp,image/apng,*/*;q=0.8',
  'user-agent' => 'Mozilla/5.0 (Windows NT 6.1; Win64; x64) AppleWebKit/537.36 (KHTML, like Gecko) Chrome/60.0.3112.113 Safari/537.36',
  'upgrade-insecure-requests' => '1',
  'cache-control' => 'max-age=0',
  'connection' => 'close',
  'host' => 'local.aibusiness.com',
)
[ info ] [ PARAM ] array (
  'code' => '7061e6eb-41c5-4684-827f-705b26661855',
)
[ info ] [ SESSION ] INIT array (
  'id' => '',
  'var_session_id' => '',
  'prefix' => 'think',
  'type' => '',
  'auto_start' => true,
)
[ info ] [ LOG ] INIT File
---------------------------------------------------------------
[ 2017-11-28T19:28:57+08:00 ] 127.0.0.1 127.0.0.1 GET /gdr/index/index?code=41fb64c5-5e73-4e1a-903e-c410bf9e0768
[ info ] local.aibusiness.com/gdr/index/index?code=41fb64c5-5e73-4e1a-903e-c410bf9e0768 [内存消耗：0kb] [文件加载：50]
[ info ] [ LANG ] E:\dev\workDoc\myproject\AIBusiness\thinkphp\lang\zh-cn.php
[ info ] [ ROUTE ] array (
  'type' => 'module',
  'module' => 
  array (
    0 => 'gdr',
    1 => 'index',
    2 => 'index',
  ),
)
[ info ] [ HEADER ] array (
  'cookie' => 'PHPSESSID=6pguntetdrhvtqok6a7024gu65; XDEBUG_SESSION=XDEBUG_ECLIPSE',
  'accept-language' => 'zh-CN,zh;q=0.8',
  'accept-encoding' => 'gzip, deflate',
  'accept' => 'text/html,application/xhtml+xml,application/xml;q=0.9,image/webp,image/apng,*/*;q=0.8',
  'user-agent' => 'Mozilla/5.0 (Windows NT 6.1; Win64; x64) AppleWebKit/537.36 (KHTML, like Gecko) Chrome/60.0.3112.113 Safari/537.36',
  'upgrade-insecure-requests' => '1',
  'cache-control' => 'max-age=0',
  'connection' => 'close',
  'host' => 'local.aibusiness.com',
)
[ info ] [ PARAM ] array (
  'code' => '41fb64c5-5e73-4e1a-903e-c410bf9e0768',
)
[ info ] [ SESSION ] INIT array (
  'id' => '',
  'var_session_id' => '',
  'prefix' => 'think',
  'type' => '',
  'auto_start' => true,
)
[ info ] [ LOG ] INIT File
[ error ] [8]Trying to get property of non-object[E:\dev\workDoc\myproject\AIBusiness\application\service\auth1688.php:29]
---------------------------------------------------------------
[ 2017-11-28T19:31:59+08:00 ] 127.0.0.1 127.0.0.1 GET /gdr/index/index?code=b44bf708-3a7c-4433-b893-13462cf402b1
[ info ] local.aibusiness.com/gdr/index/index?code=b44bf708-3a7c-4433-b893-13462cf402b1 [内存消耗：0kb] [文件加载：46]
[ info ] [ LANG ] E:\dev\workDoc\myproject\AIBusiness\thinkphp\lang\zh-cn.php
[ info ] [ ROUTE ] array (
  'type' => 'module',
  'module' => 
  array (
    0 => 'gdr',
    1 => 'index',
    2 => 'index',
  ),
)
[ info ] [ HEADER ] array (
  'cookie' => 'PHPSESSID=6pguntetdrhvtqok6a7024gu65; XDEBUG_SESSION=XDEBUG_ECLIPSE',
  'accept-language' => 'zh-CN,zh;q=0.8',
  'accept-encoding' => 'gzip, deflate',
  'accept' => 'text/html,application/xhtml+xml,application/xml;q=0.9,image/webp,image/apng,*/*;q=0.8',
  'user-agent' => 'Mozilla/5.0 (Windows NT 6.1; Win64; x64) AppleWebKit/537.36 (KHTML, like Gecko) Chrome/60.0.3112.113 Safari/537.36',
  'upgrade-insecure-requests' => '1',
  'cache-control' => 'max-age=0',
  'connection' => 'close',
  'host' => 'local.aibusiness.com',
)
[ info ] [ PARAM ] array (
  'code' => 'b44bf708-3a7c-4433-b893-13462cf402b1',
)
[ info ] [ SESSION ] INIT array (
  'id' => '',
  'var_session_id' => '',
  'prefix' => 'think',
  'type' => '',
  'auto_start' => true,
)
[ info ] [ LOG ] INIT File
---------------------------------------------------------------
[ 2017-11-28T19:33:52+08:00 ] 127.0.0.1 127.0.0.1 GET /gdr/index/index?code=3059bdf8-0acb-4f01-88c2-36fa50254011
[ info ] local.aibusiness.com/gdr/index/index?code=3059bdf8-0acb-4f01-88c2-36fa50254011 [内存消耗：0kb] [文件加载：50]
[ info ] [ LANG ] E:\dev\workDoc\myproject\AIBusiness\thinkphp\lang\zh-cn.php
[ info ] [ ROUTE ] array (
  'type' => 'module',
  'module' => 
  array (
    0 => 'gdr',
    1 => 'index',
    2 => 'index',
  ),
)
[ info ] [ HEADER ] array (
  'cookie' => 'PHPSESSID=6pguntetdrhvtqok6a7024gu65; XDEBUG_SESSION=XDEBUG_ECLIPSE',
  'accept-language' => 'zh-CN,zh;q=0.8',
  'accept-encoding' => 'gzip, deflate',
  'accept' => 'text/html,application/xhtml+xml,application/xml;q=0.9,image/webp,image/apng,*/*;q=0.8',
  'user-agent' => 'Mozilla/5.0 (Windows NT 6.1; Win64; x64) AppleWebKit/537.36 (KHTML, like Gecko) Chrome/60.0.3112.113 Safari/537.36',
  'upgrade-insecure-requests' => '1',
  'cache-control' => 'max-age=0',
  'connection' => 'close',
  'host' => 'local.aibusiness.com',
)
[ info ] [ PARAM ] array (
  'code' => '3059bdf8-0acb-4f01-88c2-36fa50254011',
)
[ info ] [ SESSION ] INIT array (
  'id' => '',
  'var_session_id' => '',
  'prefix' => 'think',
  'type' => '',
  'auto_start' => true,
)
[ info ] [ LOG ] INIT File
[ error ] [8]Trying to get property of non-object[E:\dev\workDoc\myproject\AIBusiness\application\service\auth1688.php:29]
---------------------------------------------------------------
[ 2017-11-28T19:35:10+08:00 ] 127.0.0.1 127.0.0.1 GET /gdr/index/index?code=71bab98a-359e-4a4b-8177-bac6c23e3103
[ info ] local.aibusiness.com/gdr/index/index?code=71bab98a-359e-4a4b-8177-bac6c23e3103 [内存消耗：0kb] [文件加载：45]
[ info ] [ LANG ] E:\dev\workDoc\myproject\AIBusiness\thinkphp\lang\zh-cn.php
[ info ] [ ROUTE ] array (
  'type' => 'module',
  'module' => 
  array (
    0 => 'gdr',
    1 => 'index',
    2 => 'index',
  ),
)
[ info ] [ HEADER ] array (
  'cookie' => 'PHPSESSID=6pguntetdrhvtqok6a7024gu65; XDEBUG_SESSION=XDEBUG_ECLIPSE',
  'accept-language' => 'zh-CN,zh;q=0.8',
  'accept-encoding' => 'gzip, deflate',
  'accept' => 'text/html,application/xhtml+xml,application/xml;q=0.9,image/webp,image/apng,*/*;q=0.8',
  'user-agent' => 'Mozilla/5.0 (Windows NT 6.1; Win64; x64) AppleWebKit/537.36 (KHTML, like Gecko) Chrome/60.0.3112.113 Safari/537.36',
  'upgrade-insecure-requests' => '1',
  'cache-control' => 'max-age=0',
  'connection' => 'close',
  'host' => 'local.aibusiness.com',
)
[ info ] [ PARAM ] array (
  'code' => '71bab98a-359e-4a4b-8177-bac6c23e3103',
)
[ info ] [ SESSION ] INIT array (
  'id' => '',
  'var_session_id' => '',
  'prefix' => 'think',
  'type' => '',
  'auto_start' => true,
)
[ info ] [ LOG ] INIT File
---------------------------------------------------------------
[ 2017-11-28T19:37:46+08:00 ] 127.0.0.1 127.0.0.1 GET /gdr/index/index?code=afdc0b40-c89e-4243-b297-1513dd75df4a
[ info ] local.aibusiness.com/gdr/index/index?code=afdc0b40-c89e-4243-b297-1513dd75df4a [内存消耗：0kb] [文件加载：46]
[ info ] [ LANG ] E:\dev\workDoc\myproject\AIBusiness\thinkphp\lang\zh-cn.php
[ info ] [ ROUTE ] array (
  'type' => 'module',
  'module' => 
  array (
    0 => 'gdr',
    1 => 'index',
    2 => 'index',
  ),
)
[ info ] [ HEADER ] array (
  'cookie' => 'PHPSESSID=6pguntetdrhvtqok6a7024gu65; XDEBUG_SESSION=XDEBUG_ECLIPSE',
  'accept-language' => 'zh-CN,zh;q=0.8',
  'accept-encoding' => 'gzip, deflate',
  'accept' => 'text/html,application/xhtml+xml,application/xml;q=0.9,image/webp,image/apng,*/*;q=0.8',
  'user-agent' => 'Mozilla/5.0 (Windows NT 6.1; Win64; x64) AppleWebKit/537.36 (KHTML, like Gecko) Chrome/60.0.3112.113 Safari/537.36',
  'upgrade-insecure-requests' => '1',
  'cache-control' => 'max-age=0',
  'connection' => 'close',
  'host' => 'local.aibusiness.com',
)
[ info ] [ PARAM ] array (
  'code' => 'afdc0b40-c89e-4243-b297-1513dd75df4a',
)
[ info ] [ SESSION ] INIT array (
  'id' => '',
  'var_session_id' => '',
  'prefix' => 'think',
  'type' => '',
  'auto_start' => true,
)
[ info ] [ LOG ] INIT File
---------------------------------------------------------------
[ 2017-11-28T19:38:33+08:00 ] 127.0.0.1 127.0.0.1 GET /gdr/index/index?code=02bfd7ab-0f57-498e-84f3-72864ec9945b
[ info ] local.aibusiness.com/gdr/index/index?code=02bfd7ab-0f57-498e-84f3-72864ec9945b [内存消耗：0kb] [文件加载：46]
[ info ] [ LANG ] E:\dev\workDoc\myproject\AIBusiness\thinkphp\lang\zh-cn.php
[ info ] [ ROUTE ] array (
  'type' => 'module',
  'module' => 
  array (
    0 => 'gdr',
    1 => 'index',
    2 => 'index',
  ),
)
[ info ] [ HEADER ] array (
  'cookie' => 'PHPSESSID=6pguntetdrhvtqok6a7024gu65; XDEBUG_SESSION=XDEBUG_ECLIPSE',
  'accept-language' => 'zh-CN,zh;q=0.8',
  'accept-encoding' => 'gzip, deflate',
  'accept' => 'text/html,application/xhtml+xml,application/xml;q=0.9,image/webp,image/apng,*/*;q=0.8',
  'user-agent' => 'Mozilla/5.0 (Windows NT 6.1; Win64; x64) AppleWebKit/537.36 (KHTML, like Gecko) Chrome/60.0.3112.113 Safari/537.36',
  'upgrade-insecure-requests' => '1',
  'cache-control' => 'max-age=0',
  'connection' => 'close',
  'host' => 'local.aibusiness.com',
)
[ info ] [ PARAM ] array (
  'code' => '02bfd7ab-0f57-498e-84f3-72864ec9945b',
)
[ info ] [ SESSION ] INIT array (
  'id' => '',
  'var_session_id' => '',
  'prefix' => 'think',
  'type' => '',
  'auto_start' => true,
)
[ info ] [ LOG ] INIT File
---------------------------------------------------------------
[ 2017-11-28T19:39:59+08:00 ] 127.0.0.1 127.0.0.1 GET /gdr/index/index?code=ca1adecb-d6a1-4d9e-a2a3-6399b5acbdfb
[ info ] local.aibusiness.com/gdr/index/index?code=ca1adecb-d6a1-4d9e-a2a3-6399b5acbdfb [内存消耗：0kb] [文件加载：47]
[ info ] [ LANG ] E:\dev\workDoc\myproject\AIBusiness\thinkphp\lang\zh-cn.php
[ info ] [ ROUTE ] array (
  'type' => 'module',
  'module' => 
  array (
    0 => 'gdr',
    1 => 'index',
    2 => 'index',
  ),
)
[ info ] [ HEADER ] array (
  'cookie' => 'PHPSESSID=6pguntetdrhvtqok6a7024gu65; XDEBUG_SESSION=XDEBUG_ECLIPSE',
  'accept-language' => 'zh-CN,zh;q=0.8',
  'accept-encoding' => 'gzip, deflate',
  'accept' => 'text/html,application/xhtml+xml,application/xml;q=0.9,image/webp,image/apng,*/*;q=0.8',
  'user-agent' => 'Mozilla/5.0 (Windows NT 6.1; Win64; x64) AppleWebKit/537.36 (KHTML, like Gecko) Chrome/60.0.3112.113 Safari/537.36',
  'upgrade-insecure-requests' => '1',
  'cache-control' => 'max-age=0',
  'connection' => 'close',
  'host' => 'local.aibusiness.com',
)
[ info ] [ PARAM ] array (
  'code' => 'ca1adecb-d6a1-4d9e-a2a3-6399b5acbdfb',
)
[ info ] [ SESSION ] INIT array (
  'id' => '',
  'var_session_id' => '',
  'prefix' => 'think',
  'type' => '',
  'auto_start' => true,
)
[ info ] [ LOG ] INIT File
---------------------------------------------------------------
[ 2017-11-28T19:40:50+08:00 ] 127.0.0.1 127.0.0.1 GET /gdr/index/index?code=6cb560c1-beb8-4999-92ed-76e5aa8962d2
[ info ] local.aibusiness.com/gdr/index/index?code=6cb560c1-beb8-4999-92ed-76e5aa8962d2 [内存消耗：0kb] [文件加载：57]
[ info ] [ LANG ] E:\dev\workDoc\myproject\AIBusiness\thinkphp\lang\zh-cn.php
[ info ] [ ROUTE ] array (
  'type' => 'module',
  'module' => 
  array (
    0 => 'gdr',
    1 => 'index',
    2 => 'index',
  ),
)
[ info ] [ HEADER ] array (
  'cookie' => 'PHPSESSID=6pguntetdrhvtqok6a7024gu65; XDEBUG_SESSION=XDEBUG_ECLIPSE',
  'accept-language' => 'zh-CN,zh;q=0.8',
  'accept-encoding' => 'gzip, deflate',
  'accept' => 'text/html,application/xhtml+xml,application/xml;q=0.9,image/webp,image/apng,*/*;q=0.8',
  'user-agent' => 'Mozilla/5.0 (Windows NT 6.1; Win64; x64) AppleWebKit/537.36 (KHTML, like Gecko) Chrome/60.0.3112.113 Safari/537.36',
  'upgrade-insecure-requests' => '1',
  'cache-control' => 'max-age=0',
  'connection' => 'close',
  'host' => 'local.aibusiness.com',
)
[ info ] [ PARAM ] array (
  'code' => '6cb560c1-beb8-4999-92ed-76e5aa8962d2',
)
[ info ] [ SESSION ] INIT array (
  'id' => '',
  'var_session_id' => '',
  'prefix' => 'think',
  'type' => '',
  'auto_start' => true,
)
[ info ] [ DB ] INIT mysql
[ info ] [ LOG ] INIT File
[ sql ] [ DB ] CONNECT:[ UseTime:0.001000s ] mysql:dbname=ai_business;host=127.0.0.1;port=3306;charset=utf8
[ sql ] [ SQL ] SHOW COLUMNS FROM `ai_auth` [ RunTime:0.007000s ]
[ sql ] [ SQL ] SELECT * FROM `ai_auth` WHERE  `memberId` = 'b2b-316296954882808'  AND `app_key` = '4938940' LIMIT 1 [ RunTime:0.001000s ]
---------------------------------------------------------------
[ 2017-11-28T19:42:33+08:00 ] 127.0.0.1 127.0.0.1 GET /gdr/index/index?code=00338142-d667-4f09-aaab-c42bcead29b9
[ info ] local.aibusiness.com/gdr/index/index?code=00338142-d667-4f09-aaab-c42bcead29b9 [内存消耗：0kb] [文件加载：57]
[ info ] [ LANG ] E:\dev\workDoc\myproject\AIBusiness\thinkphp\lang\zh-cn.php
[ info ] [ ROUTE ] array (
  'type' => 'module',
  'module' => 
  array (
    0 => 'gdr',
    1 => 'index',
    2 => 'index',
  ),
)
[ info ] [ HEADER ] array (
  'cookie' => 'PHPSESSID=6pguntetdrhvtqok6a7024gu65; XDEBUG_SESSION=XDEBUG_ECLIPSE',
  'accept-language' => 'zh-CN,zh;q=0.8',
  'accept-encoding' => 'gzip, deflate',
  'accept' => 'text/html,application/xhtml+xml,application/xml;q=0.9,image/webp,image/apng,*/*;q=0.8',
  'user-agent' => 'Mozilla/5.0 (Windows NT 6.1; Win64; x64) AppleWebKit/537.36 (KHTML, like Gecko) Chrome/60.0.3112.113 Safari/537.36',
  'upgrade-insecure-requests' => '1',
  'cache-control' => 'max-age=0',
  'connection' => 'close',
  'host' => 'local.aibusiness.com',
)
[ info ] [ PARAM ] array (
  'code' => '00338142-d667-4f09-aaab-c42bcead29b9',
)
[ info ] [ SESSION ] INIT array (
  'id' => '',
  'var_session_id' => '',
  'prefix' => 'think',
  'type' => '',
  'auto_start' => true,
)
[ info ] [ DB ] INIT mysql
[ info ] [ LOG ] INIT File
[ sql ] [ DB ] CONNECT:[ UseTime:0.011000s ] mysql:dbname=ai_business;host=127.0.0.1;port=3306;charset=utf8
[ sql ] [ SQL ] SHOW COLUMNS FROM `ai_auth` [ RunTime:0.006001s ]
[ sql ] [ SQL ] SELECT * FROM `ai_auth` WHERE  `memberId` = 'b2b-316296954882808'  AND `app_key` = '4938940' LIMIT 1 [ RunTime:0.001000s ]
---------------------------------------------------------------
[ 2017-11-28T19:43:58+08:00 ] 127.0.0.1 127.0.0.1 GET /gdr/index/index?code=08dd344d-3662-4ecb-90fa-1e1f5ba0ae93
[ info ] local.aibusiness.com/gdr/index/index?code=08dd344d-3662-4ecb-90fa-1e1f5ba0ae93 [内存消耗：0kb] [文件加载：57]
[ info ] [ LANG ] E:\dev\workDoc\myproject\AIBusiness\thinkphp\lang\zh-cn.php
[ info ] [ ROUTE ] array (
  'type' => 'module',
  'module' => 
  array (
    0 => 'gdr',
    1 => 'index',
    2 => 'index',
  ),
)
[ info ] [ HEADER ] array (
  'cookie' => 'PHPSESSID=6pguntetdrhvtqok6a7024gu65; XDEBUG_SESSION=XDEBUG_ECLIPSE',
  'accept-language' => 'zh-CN,zh;q=0.8',
  'accept-encoding' => 'gzip, deflate',
  'accept' => 'text/html,application/xhtml+xml,application/xml;q=0.9,image/webp,image/apng,*/*;q=0.8',
  'user-agent' => 'Mozilla/5.0 (Windows NT 6.1; Win64; x64) AppleWebKit/537.36 (KHTML, like Gecko) Chrome/60.0.3112.113 Safari/537.36',
  'upgrade-insecure-requests' => '1',
  'cache-control' => 'max-age=0',
  'connection' => 'close',
  'host' => 'local.aibusiness.com',
)
[ info ] [ PARAM ] array (
  'code' => '08dd344d-3662-4ecb-90fa-1e1f5ba0ae93',
)
[ info ] [ SESSION ] INIT array (
  'id' => '',
  'var_session_id' => '',
  'prefix' => 'think',
  'type' => '',
  'auto_start' => true,
)
[ info ] [ DB ] INIT mysql
[ info ] [ LOG ] INIT File
[ sql ] [ DB ] CONNECT:[ UseTime:0.001000s ] mysql:dbname=ai_business;host=127.0.0.1;port=3306;charset=utf8
[ sql ] [ SQL ] SHOW COLUMNS FROM `ai_auth` [ RunTime:0.005000s ]
[ sql ] [ SQL ] SELECT * FROM `ai_auth` WHERE  `memberId` = 'b2b-316296954882808'  AND `app_key` = '4938940' LIMIT 1 [ RunTime:0.000000s ]
[ sql ] [ SQL ] INSERT INTO `ai_auth` (`aliId` , `resource_owner` , `expires_in` , `refresh_token` , `access_token` , `refresh_token_timeout` , `memberId` , `app_key`) VALUES ('3162969548' , '晨曦银饰厂' , 1511905396 , 'b3dee8b6-f812-459a-9a67-3b115a424799' , 'c54e9ae5-3273-4003-94a6-66a42b644934' , '20180507111546' , 'b2b-316296954882808' , '4938940') [ RunTime:0.034005s ]
---------------------------------------------------------------
[ 2017-11-28T19:51:44+08:00 ] 127.0.0.1 127.0.0.1 GET /gdr/index/index?code=be242bcd-5ac8-4b53-bd35-4688940559b5
[ info ] local.aibusiness.com/gdr/index/index?code=be242bcd-5ac8-4b53-bd35-4688940559b5 [内存消耗：0kb] [文件加载：57]
[ info ] [ LANG ] E:\dev\workDoc\myproject\AIBusiness\thinkphp\lang\zh-cn.php
[ info ] [ ROUTE ] array (
  'type' => 'module',
  'module' => 
  array (
    0 => 'gdr',
    1 => 'index',
    2 => 'index',
  ),
)
[ info ] [ HEADER ] array (
  'cookie' => 'PHPSESSID=6pguntetdrhvtqok6a7024gu65; XDEBUG_SESSION=XDEBUG_ECLIPSE',
  'accept-language' => 'zh-CN,zh;q=0.8',
  'accept-encoding' => 'gzip, deflate',
  'accept' => 'text/html,application/xhtml+xml,application/xml;q=0.9,image/webp,image/apng,*/*;q=0.8',
  'user-agent' => 'Mozilla/5.0 (Windows NT 6.1; Win64; x64) AppleWebKit/537.36 (KHTML, like Gecko) Chrome/60.0.3112.113 Safari/537.36',
  'upgrade-insecure-requests' => '1',
  'cache-control' => 'max-age=0',
  'connection' => 'close',
  'host' => 'local.aibusiness.com',
)
[ info ] [ PARAM ] array (
  'code' => 'be242bcd-5ac8-4b53-bd35-4688940559b5',
)
[ info ] [ SESSION ] INIT array (
  'id' => '',
  'var_session_id' => '',
  'prefix' => 'think',
  'type' => '',
  'auto_start' => true,
)
[ info ] [ DB ] INIT mysql
[ info ] [ LOG ] INIT File
[ sql ] [ DB ] CONNECT:[ UseTime:0.004000s ] mysql:dbname=ai_business;host=127.0.0.1;port=3306;charset=utf8
[ sql ] [ SQL ] SHOW COLUMNS FROM `ai_auth` [ RunTime:0.009000s ]
[ sql ] [ SQL ] SELECT * FROM `ai_auth` WHERE  `memberId` = 'b2b-316296954882808'  AND `app_key` = '4938940' LIMIT 1 [ RunTime:0.001001s ]
[ sql ] [ SQL ] UPDATE `ai_auth`  SET `aliId`='3162969548',`resource_owner`='晨曦银饰厂',`expires`='2017-11-29 05:51:11',`refresh_token`='b3dee8b6-f812-459a-9a67-3b115a424799',`access_token`='5b34e208-a883-403f-9ff4-764b75a3c11f',`refresh_token_timeout`='20180507111546'  WHERE  `memberId` = 'b2b-316296954882808'  AND `app_key` = '4938940' [ RunTime:0.038002s ]
